<?xml version="1.0" encoding="UTF-8"?>
<testsuites name="jest tests" tests="26" failures="0" time="50.708">
  <testsuite name="test\helper\format-styles.test.ts" errors="0" failures="0" skipped="0" timestamp="2020-03-13T00:56:08" time="5.632" tests="13">
    <testcase classname="Format style type checking, isInlineCode function returns true if text is inline code in any way." name="Format style type checking, isInlineCode function returns true if text is inline code in any way." time="0">
    </testcase>
    <testcase classname="Format style type checking, isInlineCode function returns false if there is no inline code formatting in the text." name="Format style type checking, isInlineCode function returns false if there is no inline code formatting in the text." time="0.015">
    </testcase>
    <testcase classname="Format style type checking, isMultilineCode function returns true if text is a code block." name="Format style type checking, isMultilineCode function returns true if text is a code block." time="0">
    </testcase>
    <testcase classname="Format style type checking, isMultilineCode function returns false if there is no code block." name="Format style type checking, isMultilineCode function returns false if there is no code block." time="0">
    </testcase>
    <testcase classname="Format style type checking, isBold function returns true if text is bold in any way." name="Format style type checking, isBold function returns true if text is bold in any way." time="0">
    </testcase>
    <testcase classname="Format style type checking, isBold function returns false if there is no bold formatting in the text." name="Format style type checking, isBold function returns false if there is no bold formatting in the text." time="0">
    </testcase>
    <testcase classname="Format style type checking, isItalic function returns true if text is italic in any way." name="Format style type checking, isItalic function returns true if text is italic in any way." time="0">
    </testcase>
    <testcase classname="Format style type checking, isItalic function returns false if there is no italic formatting in the text." name="Format style type checking, isItalic function returns false if there is no italic formatting in the text." time="0">
    </testcase>
    <testcase classname="Format style type checking, isItalic function return true if the text is both bold and italic" name="Format style type checking, isItalic function return true if the text is both bold and italic" time="0">
    </testcase>
    <testcase classname="Format style type checking, isBoldAndItalic function returns true if text is both bold and italic." name="Format style type checking, isBoldAndItalic function returns true if text is both bold and italic." time="0">
    </testcase>
    <testcase classname="Format style type checking, isBoldAndItalic function returns false the text is only bold" name="Format style type checking, isBoldAndItalic function returns false the text is only bold" time="0.016">
    </testcase>
    <testcase classname="Format style type checking, isBoldAndItalic function returns false the text is only italic" name="Format style type checking, isBoldAndItalic function returns false the text is only italic" time="0">
    </testcase>
    <testcase classname="Format style type checking, isBoldAndItalic function returns false the text is not formatted" name="Format style type checking, isBoldAndItalic function returns false the text is not formatted" time="0">
    </testcase>
  </testsuite>
  <testsuite name="test\controllers\alert-controller.test.ts" errors="0" failures="0" skipped="0" timestamp="2020-03-13T00:56:14" time="1.063" tests="6">
    <testcase classname="Alert controller format function Should apply alert of type note to single line text." name="Alert controller format function Should apply alert of type note to single line text." time="0">
    </testcase>
    <testcase classname="Alert controller format function Should apply alert of type TIP to multi line text." name="Alert controller format function Should apply alert of type TIP to multi line text." time="0">
    </testcase>
    <testcase classname="Alert controller format function Should remove alert formatting for alert-formatted single line text." name="Alert controller format function Should remove alert formatting for alert-formatted single line text." time="0">
    </testcase>
    <testcase classname="Alert controller format function Should remove alert formatting for alert-formatted multiline text." name="Alert controller format function Should remove alert formatting for alert-formatted multiline text." time="0.015">
    </testcase>
    <testcase classname="Alert controller format function Should change alert formatting for alert-formatted single line text when alert type is different." name="Alert controller format function Should change alert formatting for alert-formatted single line text when alert type is different." time="0">
    </testcase>
    <testcase classname="Alert controller format function Should change alert formatting for alert-formatted multiline line text when alert type is different." name="Alert controller format function Should change alert formatting for alert-formatted multiline line text when alert type is different." time="0">
    </testcase>
  </testsuite>
  <testsuite name="test\controllers\bold-controller.test.ts" errors="0" failures="0" skipped="0" timestamp="2020-03-13T00:56:15" time="0.407" tests="3">
    <testcase classname="Bold controller format function Should toggle bold with single line text." name="Bold controller format function Should toggle bold with single line text." time="0">
    </testcase>
    <testcase classname="Bold controller format function Should toggle bold with multiline text." name="Bold controller format function Should toggle bold with multiline text." time="0">
    </testcase>
    <testcase classname="Bold controller format function Should toggle bold without effecting italic/code formatting" name="Bold controller format function Should toggle bold without effecting italic/code formatting" time="0.016">
    </testcase>
  </testsuite>
  <testsuite name="test\helper\bookmark-builder.test.ts" errors="0" failures="0" skipped="0" timestamp="2020-03-13T00:56:16" time="0.813" tests="3">
    <testcase classname="Bookmark style testing, bookmarkBuilder function format a simple heading (no extra spaces or underscores)." name="Bookmark style testing, bookmarkBuilder function format a simple heading (no extra spaces or underscores)." time="0">
    </testcase>
    <testcase classname="Bookmark style testing, bookmarkBuilder function format a heading with additional spaces." name="Bookmark style testing, bookmarkBuilder function format a heading with additional spaces." time="0">
    </testcase>
    <testcase classname="Bookmark style testing, bookmarkBuilder function format a heading with underscores." name="Bookmark style testing, bookmarkBuilder function format a heading with underscores." time="0">
    </testcase>
  </testsuite>
  <testsuite name="test\extension.test.ts" errors="0" failures="0" skipped="0" timestamp="2020-03-13T00:56:17" time="0.562" tests="1">
    <testcase classname="Ensure Chai Mocha Test Samples Run Correctly Hey, true returns true! Incredible." name="Ensure Chai Mocha Test Samples Run Correctly Hey, true returns true! Incredible." time="0.016">
    </testcase>
  </testsuite>
</testsuites>